<?xml version='1.1' encoding='UTF-8'?>
<result plugin="junit@1.28">
  <suites>
    <suite>
      <file>/var/jenkins_home/workspace/RegisterHotelPageTests/target/surefire-reports/TEST-TestSuite.xml</file>
      <name>TestSuite</name>
      <duration>34.362</duration>
      <time>34.362</time>
      <enclosingBlocks/>
      <enclosingBlockNames/>
      <cases>
        <case>
          <duration>3.957</duration>
          <className>HotelCreationFromTests</className>
          <testName>verifyThatUserCanAdd_City</testName>
          <skipped>false</skipped>
          <failedSince>0</failedSince>
        </case>
        <case>
          <duration>2.066</duration>
          <className>HotelCreationFromTests</className>
          <testName>verifyThatUserCanAdd_Country</testName>
          <skipped>false</skipped>
          <failedSince>0</failedSince>
        </case>
        <case>
          <duration>2.31</duration>
          <className>HotelCreationFromTests</className>
          <testName>verifyThatUserCanAdd_Description</testName>
          <skipped>false</skipped>
          <failedSince>0</failedSince>
        </case>
        <case>
          <duration>4.627</duration>
          <className>HotelCreationFromTests</className>
          <testName>verifyThatUserCanAdd_Notes</testName>
          <skipped>false</skipped>
          <failedSince>0</failedSince>
        </case>
        <case>
          <duration>2.308</duration>
          <className>HotelCreationFromTests</className>
          <testName>verifyThatUserCanAdd_ShortDescription</testName>
          <skipped>false</skipped>
          <failedSince>0</failedSince>
        </case>
        <case>
          <duration>2.324</duration>
          <className>HotelCreationFromTests</className>
          <testName>verifyThatUserCanEdit_DateOfConstructionField</testName>
          <skipped>false</skipped>
          <failedSince>0</failedSince>
        </case>
        <case>
          <duration>2.352</duration>
          <className>HotelCreationFromTests</className>
          <testName>verifyThatUserCanEdit_GlobalRatingField</testName>
          <skipped>false</skipped>
          <failedSince>0</failedSince>
        </case>
        <case>
          <duration>2.102</duration>
          <className>HotelCreationFromTests</className>
          <testName>verifyThatUserCanEdit_NameField</testName>
          <skipped>false</skipped>
          <failedSince>0</failedSince>
        </case>
        <case>
          <duration>1.615</duration>
          <className>HotelCreationFromTests</className>
          <testName>verifyThatUserCanOpen_newHotelPage</testName>
          <skipped>false</skipped>
          <failedSince>0</failedSince>
        </case>
      </cases>
    </suite>
  </suites>
  <duration>34.362</duration>
  <keepLongStdio>false</keepLongStdio>
</result>